     1                                  bits 32 ; assembling for the 32 bits architecture
     2                                  
     3                                  ; declare the EntryPoint (a label defining the very first instruction of the program)
     4                                  global start        
     5                                  
     6                                  ; declare external functions needed by our program
     7                                  extern exit               ; tell nasm that exit exists even if we won't be defining it
     8                                  import exit msvcrt.dll    ; exit is a function that ends the calling process. It is defined in msvcrt.dll
     9                                                            ; msvcrt.dll contains exit, printf and all the other important C-runtime specific functions
    10                                  
    11                                  ; our data is declared here (the variables needed by our program)
    12                                  segment data use32 class=data
    13                                      ; ...
    14                                  
    15                                  ; our code starts here
    16                                  segment code use32 class=code
    17                                      start:
    18                                          ; ...
    19                                          ;0-numere cu minus
    20                                          ;1-numere cu plus
    21                                          ;cu semn-numere intregi
    22                                          
    23                                          ;conversii pt nr cu semn
    24                                          ;1.byte-word MOVSX
    25 00000000 B0FF                            MOV AL,-1
    26 00000002 660FBEC0                        MOVSX AX,AL
    27                                          ;2-WOD -< DOUBLEWORD
    28 00000006 0FBFC0                          movsx eax,ax
    29                                          
    30                                          
    31                                          ; exit(0)
    32 00000009 6A00                            push    dword 0      ; push the parameter for exit onto the stack
    33 0000000B FF15[00000000]                  call    [exit]       ; call exit to terminate the program
