  Entity.cpp
C:\Users\Alex\source\repos\ooplaboratory6_7-AlexD2003-master\Problem2\SimulationGrid.h(19,34): error C2061: syntax error: identifier 'Empty'
C:\Users\Alex\source\repos\ooplaboratory6_7-AlexD2003-master\Problem2\SimulationGrid.h(27,17): warning C4150: deletion of pointer to incomplete type 'Entity'; no destructor called
C:\Users\Alex\source\repos\ooplaboratory6_7-AlexD2003-master\Problem2\SimulationGrid.h(11,15): message : see declaration of 'Entity'
C:\Users\Alex\source\repos\ooplaboratory6_7-AlexD2003-master\Problem2\SimulationGrid.h(34,1): error C2027: use of undefined type 'Entity'
C:\Users\Alex\source\repos\ooplaboratory6_7-AlexD2003-master\Problem2\SimulationGrid.h(11,15): message : see declaration of 'Entity'
C:\Users\Alex\source\repos\ooplaboratory6_7-AlexD2003-master\Problem2\Entity.cpp(32,13): error C2664: 'void Entity::demographics(unsigned int [],const SimulationGrid &)': cannot convert argument 2 from 'const Entity *const [100][100]' to 'const SimulationGrid &'
C:\Users\Alex\source\repos\ooplaboratory6_7-AlexD2003-master\Problem2\Entity.cpp(32,38): message : Reason: cannot convert from 'const Entity *const [100][100]' to 'const SimulationGrid'
C:\Users\Alex\source\repos\ooplaboratory6_7-AlexD2003-master\Problem2\Entity.cpp(32,38): message : No constructor could take the source type, or constructor overload resolution was ambiguous
C:\Users\Alex\source\repos\ooplaboratory6_7-AlexD2003-master\Problem2\Entity.cpp(6,14): message : see declaration of 'Entity::demographics'
C:\Users\Alex\source\repos\ooplaboratory6_7-AlexD2003-master\Problem2\Entity.cpp(32,13): message : while trying to match the argument list '(unsigned int [4], const Entity *const [100][100])'
C:\Users\Alex\source\repos\ooplaboratory6_7-AlexD2003-master\Problem2\Entity.cpp(51,13): error C2664: 'void Entity::demographics(unsigned int [],const SimulationGrid &)': cannot convert argument 2 from 'const Entity *const [100][100]' to 'const SimulationGrid &'
C:\Users\Alex\source\repos\ooplaboratory6_7-AlexD2003-master\Problem2\Entity.cpp(51,38): message : Reason: cannot convert from 'const Entity *const [100][100]' to 'const SimulationGrid'
C:\Users\Alex\source\repos\ooplaboratory6_7-AlexD2003-master\Problem2\Entity.cpp(51,38): message : No constructor could take the source type, or constructor overload resolution was ambiguous
C:\Users\Alex\source\repos\ooplaboratory6_7-AlexD2003-master\Problem2\Entity.cpp(6,14): message : see declaration of 'Entity::demographics'
C:\Users\Alex\source\repos\ooplaboratory6_7-AlexD2003-master\Problem2\Entity.cpp(51,13): message : while trying to match the argument list '(unsigned int [4], const Entity *const [100][100])'
  main.cpp
C:\Users\Alex\source\repos\ooplaboratory6_7-AlexD2003-master\Problem2\SimulationGrid.h(19,34): error C2061: syntax error: identifier 'Empty'
C:\Users\Alex\source\repos\ooplaboratory6_7-AlexD2003-master\Problem2\SimulationGrid.h(27,17): warning C4150: deletion of pointer to incomplete type 'Entity'; no destructor called
C:\Users\Alex\source\repos\ooplaboratory6_7-AlexD2003-master\Problem2\SimulationGrid.h(11,15): message : see declaration of 'Entity'
C:\Users\Alex\source\repos\ooplaboratory6_7-AlexD2003-master\Problem2\SimulationGrid.h(34,1): error C2027: use of undefined type 'Entity'
C:\Users\Alex\source\repos\ooplaboratory6_7-AlexD2003-master\Problem2\SimulationGrid.h(11,15): message : see declaration of 'Entity'
  SimulationGrid.cpp
C:\Users\Alex\source\repos\ooplaboratory6_7-AlexD2003-master\Problem2\Entity.h(23,67): error C4430: missing type specifier - int assumed. Note: C++ does not support default-int
C:\Users\Alex\source\repos\ooplaboratory6_7-AlexD2003-master\Problem2\Entity.h(23,67): error C2143: syntax error: missing ',' before '&'
  Generating Code...
